2024-11-22 19:58:47,255,Connecting to 127.0.0.1:4001 with clientId 1...
2024-11-22 19:58:47,255,Connected
2024-11-22 19:58:47,264,Logged on to server version 176
2024-11-22 19:58:47,267,API connection ready
2024-11-22 19:58:47,267,Warning 2104, reqId -1: Market data farm connection is OK:usfarm
2024-11-22 19:58:47,267,Warning 2106, reqId -1: HMDS data farm connection is OK:ushmds
2024-11-22 19:58:47,267,Warning 2158, reqId -1: Sec-def data farm connection is OK:secdefnj
2024-11-22 19:58:47,768,Synchronization complete
2024-11-22 19:58:53,021,Disconnecting from 127.0.0.1:4001, 316 B sent in 11 messages, 46.0 kB received in 371 messages, session time 5.77 s.
2024-11-22 19:58:53,021,Disconnecting
2024-11-22 19:58:53,022,Disconnected.
2024-11-22 19:58:53,022,Connecting to 127.0.0.1:4001 with clientId 2...
2024-11-22 19:58:53,022,Connected
2024-11-22 19:58:53,025,Logged on to server version 176
2024-11-22 19:58:53,027,API connection ready
2024-11-22 19:58:53,027,Warning 2104, reqId -1: Market data farm connection is OK:usfarm
2024-11-22 19:58:53,027,Warning 2106, reqId -1: HMDS data farm connection is OK:ushmds
2024-11-22 19:58:53,027,Warning 2158, reqId -1: Sec-def data farm connection is OK:secdefnj
2024-11-22 19:58:53,330,Synchronization complete
2024-11-22 19:58:54,256,placeOrder: New order Trade(contract=Stock(conId=265598, symbol='AAPL', exchange='SMART', primaryExchange='NASDAQ', currency='USD', localSymbol='AAPL', tradingClass='NMS'), order=MarketOrder(orderId=56, clientId=2, action='BUY', totalQuantity=100), orderStatus=OrderStatus(orderId=56, status='PendingSubmit', filled=0.0, remaining=0.0, avgFillPrice=0.0, permId=0, parentId=0, lastFillPrice=0.0, clientId=0, whyHeld='', mktCapPrice=0.0), fills=[], log=[TradeLogEntry(time=datetime.datetime(2024, 11, 22, 14, 58, 54, 256615, tzinfo=datetime.timezone.utc), status='PendingSubmit', message='', errorCode=0)], advancedError='')
2024-11-22 19:58:54,684,orderStatus: Trade(contract=Stock(conId=265598, symbol='AAPL', exchange='SMART', primaryExchange='NASDAQ', currency='USD', localSymbol='AAPL', tradingClass='NMS'), order=MarketOrder(orderId=56, clientId=2, permId=2014274790, action='BUY', totalQuantity=100.0, lmtPrice=0.0, auxPrice=0.0), orderStatus=OrderStatus(orderId=56, status='Inactive', filled=0.0, remaining=100.0, avgFillPrice=0.0, permId=2014274790, parentId=0, lastFillPrice=0.0, clientId=2, whyHeld='', mktCapPrice=0.0), fills=[], log=[TradeLogEntry(time=datetime.datetime(2024, 11, 22, 14, 58, 54, 256615, tzinfo=datetime.timezone.utc), status='PendingSubmit', message='', errorCode=0), TradeLogEntry(time=datetime.datetime(2024, 11, 22, 14, 58, 54, 683390, tzinfo=datetime.timezone.utc), status='Inactive', message='', errorCode=0)], advancedError='')
2024-11-22 19:58:54,684,Error 201, reqId 56: Order rejected - reason:We are unable to accept your order. Your Available Funds are in sufficient to cover the change in the account's margin requirements if this order executes. In order to obtain the desired position your Equity with Loan Value [1184.91 USD] must exceed the new total Initial Margin of  [7581.89 USD].
2024-11-22 19:58:54,684,Canceled order: Trade(contract=Stock(conId=265598, symbol='AAPL', exchange='SMART', primaryExchange='NASDAQ', currency='USD', localSymbol='AAPL', tradingClass='NMS'), order=MarketOrder(orderId=56, clientId=2, permId=2014274790, action='BUY', totalQuantity=100.0, lmtPrice=0.0, auxPrice=0.0), orderStatus=OrderStatus(orderId=56, status='Cancelled', filled=0.0, remaining=100.0, avgFillPrice=0.0, permId=2014274790, parentId=0, lastFillPrice=0.0, clientId=2, whyHeld='', mktCapPrice=0.0), fills=[], log=[TradeLogEntry(time=datetime.datetime(2024, 11, 22, 14, 58, 54, 256615, tzinfo=datetime.timezone.utc), status='PendingSubmit', message='', errorCode=0), TradeLogEntry(time=datetime.datetime(2024, 11, 22, 14, 58, 54, 683390, tzinfo=datetime.timezone.utc), status='Inactive', message='', errorCode=0), TradeLogEntry(time=datetime.datetime(2024, 11, 22, 14, 58, 54, 684327, tzinfo=datetime.timezone.utc), status='Cancelled', message="Error 201, reqId 56: Order rejected - reason:We are unable to accept your order. Your Available Funds are in sufficient to cover the change in the account's margin requirements if this order executes. In order to obtain the desired position your Equity with Loan Value [1184.91 USD] must exceed the new total Initial Margin of  [7581.89 USD].", errorCode=201)], advancedError='')
2024-11-22 19:58:54,685,orderStatus: Trade(contract=Stock(conId=265598, symbol='AAPL', exchange='SMART', primaryExchange='NASDAQ', currency='USD', localSymbol='AAPL', tradingClass='NMS'), order=MarketOrder(orderId=56, clientId=2, permId=2014274790, action='BUY', totalQuantity=100.0, lmtPrice=0.0, auxPrice=0.0), orderStatus=OrderStatus(orderId=56, status='Inactive', filled=0.0, remaining=100.0, avgFillPrice=0.0, permId=2014274790, parentId=0, lastFillPrice=0.0, clientId=2, whyHeld='', mktCapPrice=0.0), fills=[], log=[TradeLogEntry(time=datetime.datetime(2024, 11, 22, 14, 58, 54, 256615, tzinfo=datetime.timezone.utc), status='PendingSubmit', message='', errorCode=0), TradeLogEntry(time=datetime.datetime(2024, 11, 22, 14, 58, 54, 683390, tzinfo=datetime.timezone.utc), status='Inactive', message='', errorCode=0), TradeLogEntry(time=datetime.datetime(2024, 11, 22, 14, 58, 54, 684327, tzinfo=datetime.timezone.utc), status='Cancelled', message="Error 201, reqId 56: Order rejected - reason:We are unable to accept your order. Your Available Funds are in sufficient to cover the change in the account's margin requirements if this order executes. In order to obtain the desired position your Equity with Loan Value [1184.91 USD] must exceed the new total Initial Margin of  [7581.89 USD].", errorCode=201), TradeLogEntry(time=datetime.datetime(2024, 11, 22, 14, 58, 54, 684792, tzinfo=datetime.timezone.utc), status='Inactive', message='', errorCode=0)], advancedError='')
2024-11-22 19:58:56,258,Disconnecting from 127.0.0.1:4001, 371 B sent in 10 messages, 18.3 kB received in 283 messages, session time 3.24 s.
2024-11-22 19:58:56,258,Disconnecting
2024-11-22 19:58:56,259,Connecting to 127.0.0.1:4001 with clientId 2...
2024-11-22 19:58:56,260,Connected
2024-11-22 19:58:56,264,Logged on to server version 176
2024-11-22 19:58:56,265,API connection ready
2024-11-22 19:58:56,265,Warning 2104, reqId -1: Market data farm connection is OK:usfarm
2024-11-22 19:58:56,265,Warning 2106, reqId -1: HMDS data farm connection is OK:ushmds
2024-11-22 19:58:56,266,Warning 2158, reqId -1: Sec-def data farm connection is OK:secdefnj
2024-11-22 19:58:56,767,Synchronization complete
2024-11-22 19:58:57,961,placeOrder: New order Trade(contract=Stock(conId=265598, symbol='AAPL', exchange='SMART', primaryExchange='NASDAQ', currency='USD', localSymbol='AAPL', tradingClass='NMS'), order=MarketOrder(orderId=60, clientId=2, action='SELL', totalQuantity=100), orderStatus=OrderStatus(orderId=60, status='PendingSubmit', filled=0.0, remaining=0.0, avgFillPrice=0.0, permId=0, parentId=0, lastFillPrice=0.0, clientId=0, whyHeld='', mktCapPrice=0.0), fills=[], log=[TradeLogEntry(time=datetime.datetime(2024, 11, 22, 14, 58, 57, 961309, tzinfo=datetime.timezone.utc), status='PendingSubmit', message='', errorCode=0)], advancedError='')
2024-11-22 19:58:58,607,orderStatus: Trade(contract=Stock(conId=265598, symbol='AAPL', exchange='SMART', primaryExchange='NASDAQ', currency='USD', localSymbol='AAPL', tradingClass='NMS'), order=MarketOrder(orderId=60, clientId=2, permId=2014274791, action='SELL', totalQuantity=100.0, lmtPrice=0.0, auxPrice=0.0), orderStatus=OrderStatus(orderId=60, status='Inactive', filled=0.0, remaining=100.0, avgFillPrice=0.0, permId=2014274791, parentId=0, lastFillPrice=0.0, clientId=2, whyHeld='', mktCapPrice=0.0), fills=[], log=[TradeLogEntry(time=datetime.datetime(2024, 11, 22, 14, 58, 57, 961309, tzinfo=datetime.timezone.utc), status='PendingSubmit', message='', errorCode=0), TradeLogEntry(time=datetime.datetime(2024, 11, 22, 14, 58, 58, 607301, tzinfo=datetime.timezone.utc), status='Inactive', message='', errorCode=0)], advancedError='')
2024-11-22 19:58:58,611,Error 201, reqId 60: Order rejected - reason:We are unable to accept your order. Your Available Funds are in sufficient to cover the change in the account's margin requirements if this order executes. In order to obtain the desired position your Equity with Loan Value [1183.43 USD] must exceed the new total Initial Margin of  [8172.68 USD].
2024-11-22 19:58:58,611,Canceled order: Trade(contract=Stock(conId=265598, symbol='AAPL', exchange='SMART', primaryExchange='NASDAQ', currency='USD', localSymbol='AAPL', tradingClass='NMS'), order=MarketOrder(orderId=60, clientId=2, permId=2014274791, action='SELL', totalQuantity=100.0, lmtPrice=0.0, auxPrice=0.0), orderStatus=OrderStatus(orderId=60, status='Cancelled', filled=0.0, remaining=100.0, avgFillPrice=0.0, permId=2014274791, parentId=0, lastFillPrice=0.0, clientId=2, whyHeld='', mktCapPrice=0.0), fills=[], log=[TradeLogEntry(time=datetime.datetime(2024, 11, 22, 14, 58, 57, 961309, tzinfo=datetime.timezone.utc), status='PendingSubmit', message='', errorCode=0), TradeLogEntry(time=datetime.datetime(2024, 11, 22, 14, 58, 58, 607301, tzinfo=datetime.timezone.utc), status='Inactive', message='', errorCode=0), TradeLogEntry(time=datetime.datetime(2024, 11, 22, 14, 58, 58, 611291, tzinfo=datetime.timezone.utc), status='Cancelled', message="Error 201, reqId 60: Order rejected - reason:We are unable to accept your order. Your Available Funds are in sufficient to cover the change in the account's margin requirements if this order executes. In order to obtain the desired position your Equity with Loan Value [1183.43 USD] must exceed the new total Initial Margin of  [8172.68 USD].", errorCode=201)], advancedError='')
2024-11-22 19:58:58,612,orderStatus: Trade(contract=Stock(conId=265598, symbol='AAPL', exchange='SMART', primaryExchange='NASDAQ', currency='USD', localSymbol='AAPL', tradingClass='NMS'), order=MarketOrder(orderId=60, clientId=2, permId=2014274791, action='SELL', totalQuantity=100.0, lmtPrice=0.0, auxPrice=0.0), orderStatus=OrderStatus(orderId=60, status='Inactive', filled=0.0, remaining=100.0, avgFillPrice=0.0, permId=2014274791, parentId=0, lastFillPrice=0.0, clientId=2, whyHeld='', mktCapPrice=0.0), fills=[], log=[TradeLogEntry(time=datetime.datetime(2024, 11, 22, 14, 58, 57, 961309, tzinfo=datetime.timezone.utc), status='PendingSubmit', message='', errorCode=0), TradeLogEntry(time=datetime.datetime(2024, 11, 22, 14, 58, 58, 607301, tzinfo=datetime.timezone.utc), status='Inactive', message='', errorCode=0), TradeLogEntry(time=datetime.datetime(2024, 11, 22, 14, 58, 58, 611291, tzinfo=datetime.timezone.utc), status='Cancelled', message="Error 201, reqId 60: Order rejected - reason:We are unable to accept your order. Your Available Funds are in sufficient to cover the change in the account's margin requirements if this order executes. In order to obtain the desired position your Equity with Loan Value [1183.43 USD] must exceed the new total Initial Margin of  [8172.68 USD].", errorCode=201), TradeLogEntry(time=datetime.datetime(2024, 11, 22, 14, 58, 58, 611892, tzinfo=datetime.timezone.utc), status='Inactive', message='', errorCode=0)], advancedError='')
2024-11-22 19:58:59,961,Disconnecting from 127.0.0.1:4001, 372 B sent in 10 messages, 19.0 kB received in 284 messages, session time 3.70 s.
2024-11-22 19:58:59,962,Disconnecting
2024-11-22 19:58:59,962,Disconnected.
2024-11-22 19:58:59,962,Connecting to 127.0.0.1:4001 with clientId 1...
2024-11-22 19:58:59,962,Connected
2024-11-22 19:58:59,964,Logged on to server version 176
2024-11-22 19:58:59,964,Warning 2104, reqId -1: Market data farm connection is OK:usfarm
2024-11-22 19:58:59,965,API connection ready
2024-11-22 19:58:59,965,Warning 2106, reqId -1: HMDS data farm connection is OK:ushmds
2024-11-22 19:58:59,965,Warning 2158, reqId -1: Sec-def data farm connection is OK:secdefnj
2024-11-22 19:59:00,467,Synchronization complete
2024-11-22 19:59:05,525,Disconnecting from 127.0.0.1:4001, 318 B sent in 11 messages, 47.1 kB received in 339 messages, session time 5.56 s.
2024-11-22 19:59:05,526,Disconnecting
2024-11-22 19:59:05,526,Disconnected.
2024-11-22 19:59:05,526,Connecting to 127.0.0.1:4001 with clientId 2...
2024-11-22 19:59:05,527,Connected
2024-11-22 19:59:05,532,Logged on to server version 176
2024-11-22 19:59:05,533,API connection ready
2024-11-22 19:59:05,535,Warning 2104, reqId -1: Market data farm connection is OK:usfarm
2024-11-22 19:59:05,535,Warning 2106, reqId -1: HMDS data farm connection is OK:ushmds
2024-11-22 19:59:05,535,Warning 2158, reqId -1: Sec-def data farm connection is OK:secdefnj
2024-11-22 19:59:05,938,Synchronization complete
2024-11-22 19:59:06,379,placeOrder: New order Trade(contract=Stock(conId=3691937, symbol='AMZN', exchange='SMART', primaryExchange='NASDAQ', currency='USD', localSymbol='AMZN', tradingClass='NMS'), order=MarketOrder(orderId=64, clientId=2, action='SELL', totalQuantity=100), orderStatus=OrderStatus(orderId=64, status='PendingSubmit', filled=0.0, remaining=0.0, avgFillPrice=0.0, permId=0, parentId=0, lastFillPrice=0.0, clientId=0, whyHeld='', mktCapPrice=0.0), fills=[], log=[TradeLogEntry(time=datetime.datetime(2024, 11, 22, 14, 59, 6, 379016, tzinfo=datetime.timezone.utc), status='PendingSubmit', message='', errorCode=0)], advancedError='')
2024-11-22 19:59:07,413,orderStatus: Trade(contract=Stock(conId=3691937, symbol='AMZN', exchange='SMART', primaryExchange='NASDAQ', currency='USD', localSymbol='AMZN', tradingClass='NMS'), order=MarketOrder(orderId=64, clientId=2, permId=2014274792, action='SELL', totalQuantity=100.0, lmtPrice=197.84, auxPrice=0.0), orderStatus=OrderStatus(orderId=64, status='Inactive', filled=0.0, remaining=100.0, avgFillPrice=0.0, permId=2014274792, parentId=0, lastFillPrice=0.0, clientId=2, whyHeld='', mktCapPrice=0.0), fills=[], log=[TradeLogEntry(time=datetime.datetime(2024, 11, 22, 14, 59, 6, 379016, tzinfo=datetime.timezone.utc), status='PendingSubmit', message='', errorCode=0), TradeLogEntry(time=datetime.datetime(2024, 11, 22, 14, 59, 7, 413137, tzinfo=datetime.timezone.utc), status='Inactive', message='', errorCode=0)], advancedError='')
2024-11-22 19:59:07,414,Error 201, reqId 64: Order rejected - reason:We are unable to accept your order. Your Available Funds are in sufficient to cover the change in the account's margin requirements if this order executes. In order to obtain the desired position your Equity with Loan Value [1183.39 USD] must exceed the new total Initial Margin of  [7036.93 USD].
2024-11-22 19:59:07,414,Canceled order: Trade(contract=Stock(conId=3691937, symbol='AMZN', exchange='SMART', primaryExchange='NASDAQ', currency='USD', localSymbol='AMZN', tradingClass='NMS'), order=MarketOrder(orderId=64, clientId=2, permId=2014274792, action='SELL', totalQuantity=100.0, lmtPrice=197.84, auxPrice=0.0), orderStatus=OrderStatus(orderId=64, status='Cancelled', filled=0.0, remaining=100.0, avgFillPrice=0.0, permId=2014274792, parentId=0, lastFillPrice=0.0, clientId=2, whyHeld='', mktCapPrice=0.0), fills=[], log=[TradeLogEntry(time=datetime.datetime(2024, 11, 22, 14, 59, 6, 379016, tzinfo=datetime.timezone.utc), status='PendingSubmit', message='', errorCode=0), TradeLogEntry(time=datetime.datetime(2024, 11, 22, 14, 59, 7, 413137, tzinfo=datetime.timezone.utc), status='Inactive', message='', errorCode=0), TradeLogEntry(time=datetime.datetime(2024, 11, 22, 14, 59, 7, 414030, tzinfo=datetime.timezone.utc), status='Cancelled', message="Error 201, reqId 64: Order rejected - reason:We are unable to accept your order. Your Available Funds are in sufficient to cover the change in the account's margin requirements if this order executes. In order to obtain the desired position your Equity with Loan Value [1183.39 USD] must exceed the new total Initial Margin of  [7036.93 USD].", errorCode=201)], advancedError='')
2024-11-22 19:59:07,414,orderStatus: Trade(contract=Stock(conId=3691937, symbol='AMZN', exchange='SMART', primaryExchange='NASDAQ', currency='USD', localSymbol='AMZN', tradingClass='NMS'), order=MarketOrder(orderId=64, clientId=2, permId=2014274792, action='SELL', totalQuantity=100.0, lmtPrice=197.84, auxPrice=0.0), orderStatus=OrderStatus(orderId=64, status='Inactive', filled=0.0, remaining=100.0, avgFillPrice=0.0, permId=2014274792, parentId=0, lastFillPrice=0.0, clientId=2, whyHeld='', mktCapPrice=0.0), fills=[], log=[TradeLogEntry(time=datetime.datetime(2024, 11, 22, 14, 59, 6, 379016, tzinfo=datetime.timezone.utc), status='PendingSubmit', message='', errorCode=0), TradeLogEntry(time=datetime.datetime(2024, 11, 22, 14, 59, 7, 413137, tzinfo=datetime.timezone.utc), status='Inactive', message='', errorCode=0), TradeLogEntry(time=datetime.datetime(2024, 11, 22, 14, 59, 7, 414030, tzinfo=datetime.timezone.utc), status='Cancelled', message="Error 201, reqId 64: Order rejected - reason:We are unable to accept your order. Your Available Funds are in sufficient to cover the change in the account's margin requirements if this order executes. In order to obtain the desired position your Equity with Loan Value [1183.39 USD] must exceed the new total Initial Margin of  [7036.93 USD].", errorCode=201), TradeLogEntry(time=datetime.datetime(2024, 11, 22, 14, 59, 7, 414328, tzinfo=datetime.timezone.utc), status='Inactive', message='', errorCode=0)], advancedError='')
2024-11-22 19:59:08,380,Disconnecting from 127.0.0.1:4001, 373 B sent in 10 messages, 19.7 kB received in 285 messages, session time 2.85 s.
2024-11-22 19:59:08,381,Disconnecting
2024-11-22 19:59:08,382,Disconnected.
2024-11-22 19:59:08,382,Connecting to 127.0.0.1:4001 with clientId 2...
2024-11-22 19:59:08,383,Connected
2024-11-22 19:59:08,385,Logged on to server version 176
2024-11-22 19:59:08,386,API connection ready
2024-11-22 19:59:08,387,Warning 2104, reqId -1: Market data farm connection is OK:usfarm
2024-11-22 19:59:08,387,Warning 2106, reqId -1: HMDS data farm connection is OK:ushmds
2024-11-22 19:59:08,387,Warning 2158, reqId -1: Sec-def data farm connection is OK:secdefnj
2024-11-22 19:59:08,790,Synchronization complete
2024-11-22 19:59:09,869,placeOrder: New order Trade(contract=Stock(conId=3691937, symbol='AMZN', exchange='SMART', primaryExchange='NASDAQ', currency='USD', localSymbol='AMZN', tradingClass='NMS'), order=MarketOrder(orderId=68, clientId=2, action='SELL', totalQuantity=100), orderStatus=OrderStatus(orderId=68, status='PendingSubmit', filled=0.0, remaining=0.0, avgFillPrice=0.0, permId=0, parentId=0, lastFillPrice=0.0, clientId=0, whyHeld='', mktCapPrice=0.0), fills=[], log=[TradeLogEntry(time=datetime.datetime(2024, 11, 22, 14, 59, 9, 868786, tzinfo=datetime.timezone.utc), status='PendingSubmit', message='', errorCode=0)], advancedError='')
2024-11-22 19:59:10,220,orderStatus: Trade(contract=Stock(conId=3691937, symbol='AMZN', exchange='SMART', primaryExchange='NASDAQ', currency='USD', localSymbol='AMZN', tradingClass='NMS'), order=MarketOrder(orderId=68, clientId=2, permId=2014274793, action='SELL', totalQuantity=100.0, lmtPrice=197.84, auxPrice=0.0), orderStatus=OrderStatus(orderId=68, status='Inactive', filled=0.0, remaining=100.0, avgFillPrice=0.0, permId=2014274793, parentId=0, lastFillPrice=0.0, clientId=2, whyHeld='', mktCapPrice=0.0), fills=[], log=[TradeLogEntry(time=datetime.datetime(2024, 11, 22, 14, 59, 9, 868786, tzinfo=datetime.timezone.utc), status='PendingSubmit', message='', errorCode=0), TradeLogEntry(time=datetime.datetime(2024, 11, 22, 14, 59, 10, 219838, tzinfo=datetime.timezone.utc), status='Inactive', message='', errorCode=0)], advancedError='')
2024-11-22 19:59:10,221,Error 201, reqId 68: Order rejected - reason:We are unable to accept your order. Your Available Funds are in sufficient to cover the change in the account's margin requirements if this order executes. In order to obtain the desired position your Equity with Loan Value [1182.39 USD] must exceed the new total Initial Margin of  [7036.93 USD].
2024-11-22 19:59:10,221,Canceled order: Trade(contract=Stock(conId=3691937, symbol='AMZN', exchange='SMART', primaryExchange='NASDAQ', currency='USD', localSymbol='AMZN', tradingClass='NMS'), order=MarketOrder(orderId=68, clientId=2, permId=2014274793, action='SELL', totalQuantity=100.0, lmtPrice=197.84, auxPrice=0.0), orderStatus=OrderStatus(orderId=68, status='Cancelled', filled=0.0, remaining=100.0, avgFillPrice=0.0, permId=2014274793, parentId=0, lastFillPrice=0.0, clientId=2, whyHeld='', mktCapPrice=0.0), fills=[], log=[TradeLogEntry(time=datetime.datetime(2024, 11, 22, 14, 59, 9, 868786, tzinfo=datetime.timezone.utc), status='PendingSubmit', message='', errorCode=0), TradeLogEntry(time=datetime.datetime(2024, 11, 22, 14, 59, 10, 219838, tzinfo=datetime.timezone.utc), status='Inactive', message='', errorCode=0), TradeLogEntry(time=datetime.datetime(2024, 11, 22, 14, 59, 10, 221311, tzinfo=datetime.timezone.utc), status='Cancelled', message="Error 201, reqId 68: Order rejected - reason:We are unable to accept your order. Your Available Funds are in sufficient to cover the change in the account's margin requirements if this order executes. In order to obtain the desired position your Equity with Loan Value [1182.39 USD] must exceed the new total Initial Margin of  [7036.93 USD].", errorCode=201)], advancedError='')
2024-11-22 19:59:10,222,orderStatus: Trade(contract=Stock(conId=3691937, symbol='AMZN', exchange='SMART', primaryExchange='NASDAQ', currency='USD', localSymbol='AMZN', tradingClass='NMS'), order=MarketOrder(orderId=68, clientId=2, permId=2014274793, action='SELL', totalQuantity=100.0, lmtPrice=197.84, auxPrice=0.0), orderStatus=OrderStatus(orderId=68, status='Inactive', filled=0.0, remaining=100.0, avgFillPrice=0.0, permId=2014274793, parentId=0, lastFillPrice=0.0, clientId=2, whyHeld='', mktCapPrice=0.0), fills=[], log=[TradeLogEntry(time=datetime.datetime(2024, 11, 22, 14, 59, 9, 868786, tzinfo=datetime.timezone.utc), status='PendingSubmit', message='', errorCode=0), TradeLogEntry(time=datetime.datetime(2024, 11, 22, 14, 59, 10, 219838, tzinfo=datetime.timezone.utc), status='Inactive', message='', errorCode=0), TradeLogEntry(time=datetime.datetime(2024, 11, 22, 14, 59, 10, 221311, tzinfo=datetime.timezone.utc), status='Cancelled', message="Error 201, reqId 68: Order rejected - reason:We are unable to accept your order. Your Available Funds are in sufficient to cover the change in the account's margin requirements if this order executes. In order to obtain the desired position your Equity with Loan Value [1182.39 USD] must exceed the new total Initial Margin of  [7036.93 USD].", errorCode=201), TradeLogEntry(time=datetime.datetime(2024, 11, 22, 14, 59, 10, 222061, tzinfo=datetime.timezone.utc), status='Inactive', message='', errorCode=0)], advancedError='')
2024-11-22 19:59:11,871,Disconnecting from 127.0.0.1:4001, 373 B sent in 10 messages, 20.5 kB received in 286 messages, session time 3.49 s.
2024-11-22 19:59:11,871,Disconnecting
2024-11-22 19:59:11,872,Disconnected.
2024-11-22 19:59:11,873,Connecting to 127.0.0.1:4001 with clientId 1...
2024-11-22 19:59:11,874,Connected
2024-11-22 19:59:11,881,Logged on to server version 176
2024-11-22 19:59:11,882,Warning 2104, reqId -1: Market data farm connection is OK:usfarm
2024-11-22 19:59:11,882,API connection ready
2024-11-22 19:59:11,883,Warning 2106, reqId -1: HMDS data farm connection is OK:ushmds
2024-11-22 19:59:11,883,Warning 2158, reqId -1: Sec-def data farm connection is OK:secdefnj
2024-11-22 19:59:12,286,Synchronization complete
2024-11-22 19:59:18,235,Disconnecting from 127.0.0.1:4001, 316 B sent in 11 messages, 48.0 kB received in 332 messages, session time 6.36 s.
2024-11-22 19:59:18,235,Disconnecting
2024-11-22 19:59:18,236,Disconnected.
2024-11-22 19:59:18,236,Connecting to 127.0.0.1:4001 with clientId 2...
2024-11-22 19:59:18,236,Connected
2024-11-22 19:59:18,240,Logged on to server version 176
2024-11-22 19:59:18,240,API connection ready
2024-11-22 19:59:18,240,Warning 2104, reqId -1: Market data farm connection is OK:usfarm
2024-11-22 19:59:18,241,Warning 2106, reqId -1: HMDS data farm connection is OK:ushmds
2024-11-22 19:59:18,241,Warning 2158, reqId -1: Sec-def data farm connection is OK:secdefnj
2024-11-22 19:59:18,543,Synchronization complete
2024-11-22 19:59:19,233,placeOrder: New order Trade(contract=Stock(conId=272093, symbol='MSFT', exchange='SMART', primaryExchange='NASDAQ', currency='USD', localSymbol='MSFT', tradingClass='NMS'), order=MarketOrder(orderId=72, clientId=2, action='BUY', totalQuantity=100), orderStatus=OrderStatus(orderId=72, status='PendingSubmit', filled=0.0, remaining=0.0, avgFillPrice=0.0, permId=0, parentId=0, lastFillPrice=0.0, clientId=0, whyHeld='', mktCapPrice=0.0), fills=[], log=[TradeLogEntry(time=datetime.datetime(2024, 11, 22, 14, 59, 19, 233445, tzinfo=datetime.timezone.utc), status='PendingSubmit', message='', errorCode=0)], advancedError='')
2024-11-22 19:59:19,660,orderStatus: Trade(contract=Stock(conId=272093, symbol='MSFT', exchange='SMART', primaryExchange='NASDAQ', currency='USD', localSymbol='MSFT', tradingClass='NMS'), order=MarketOrder(orderId=72, clientId=2, permId=2014274794, action='BUY', totalQuantity=100.0, lmtPrice=414.46, auxPrice=0.0), orderStatus=OrderStatus(orderId=72, status='Inactive', filled=0.0, remaining=100.0, avgFillPrice=0.0, permId=2014274794, parentId=0, lastFillPrice=0.0, clientId=2, whyHeld='', mktCapPrice=0.0), fills=[], log=[TradeLogEntry(time=datetime.datetime(2024, 11, 22, 14, 59, 19, 233445, tzinfo=datetime.timezone.utc), status='PendingSubmit', message='', errorCode=0), TradeLogEntry(time=datetime.datetime(2024, 11, 22, 14, 59, 19, 659791, tzinfo=datetime.timezone.utc), status='Inactive', message='', errorCode=0)], advancedError='')
2024-11-22 19:59:19,661,Error 201, reqId 72: Order rejected - reason:We are unable to accept your order. Your Available Funds are in sufficient to cover the change in the account's margin requirements if this order executes. In order to obtain the desired position your Equity with Loan Value [1174.72 USD] must exceed the new total Initial Margin of  [13679.89 USD].
2024-11-22 19:59:19,661,Canceled order: Trade(contract=Stock(conId=272093, symbol='MSFT', exchange='SMART', primaryExchange='NASDAQ', currency='USD', localSymbol='MSFT', tradingClass='NMS'), order=MarketOrder(orderId=72, clientId=2, permId=2014274794, action='BUY', totalQuantity=100.0, lmtPrice=414.46, auxPrice=0.0), orderStatus=OrderStatus(orderId=72, status='Cancelled', filled=0.0, remaining=100.0, avgFillPrice=0.0, permId=2014274794, parentId=0, lastFillPrice=0.0, clientId=2, whyHeld='', mktCapPrice=0.0), fills=[], log=[TradeLogEntry(time=datetime.datetime(2024, 11, 22, 14, 59, 19, 233445, tzinfo=datetime.timezone.utc), status='PendingSubmit', message='', errorCode=0), TradeLogEntry(time=datetime.datetime(2024, 11, 22, 14, 59, 19, 659791, tzinfo=datetime.timezone.utc), status='Inactive', message='', errorCode=0), TradeLogEntry(time=datetime.datetime(2024, 11, 22, 14, 59, 19, 661354, tzinfo=datetime.timezone.utc), status='Cancelled', message="Error 201, reqId 72: Order rejected - reason:We are unable to accept your order. Your Available Funds are in sufficient to cover the change in the account's margin requirements if this order executes. In order to obtain the desired position your Equity with Loan Value [1174.72 USD] must exceed the new total Initial Margin of  [13679.89 USD].", errorCode=201)], advancedError='')
2024-11-22 19:59:19,662,orderStatus: Trade(contract=Stock(conId=272093, symbol='MSFT', exchange='SMART', primaryExchange='NASDAQ', currency='USD', localSymbol='MSFT', tradingClass='NMS'), order=MarketOrder(orderId=72, clientId=2, permId=2014274794, action='BUY', totalQuantity=100.0, lmtPrice=414.46, auxPrice=0.0), orderStatus=OrderStatus(orderId=72, status='Inactive', filled=0.0, remaining=100.0, avgFillPrice=0.0, permId=2014274794, parentId=0, lastFillPrice=0.0, clientId=2, whyHeld='', mktCapPrice=0.0), fills=[], log=[TradeLogEntry(time=datetime.datetime(2024, 11, 22, 14, 59, 19, 233445, tzinfo=datetime.timezone.utc), status='PendingSubmit', message='', errorCode=0), TradeLogEntry(time=datetime.datetime(2024, 11, 22, 14, 59, 19, 659791, tzinfo=datetime.timezone.utc), status='Inactive', message='', errorCode=0), TradeLogEntry(time=datetime.datetime(2024, 11, 22, 14, 59, 19, 661354, tzinfo=datetime.timezone.utc), status='Cancelled', message="Error 201, reqId 72: Order rejected - reason:We are unable to accept your order. Your Available Funds are in sufficient to cover the change in the account's margin requirements if this order executes. In order to obtain the desired position your Equity with Loan Value [1174.72 USD] must exceed the new total Initial Margin of  [13679.89 USD].", errorCode=201), TradeLogEntry(time=datetime.datetime(2024, 11, 22, 14, 59, 19, 662050, tzinfo=datetime.timezone.utc), status='Inactive', message='', errorCode=0)], advancedError='')
2024-11-22 19:59:21,235,Disconnecting from 127.0.0.1:4001, 371 B sent in 10 messages, 21.2 kB received in 287 messages, session time 3.00 s.
2024-11-22 19:59:21,236,Disconnecting
2024-11-22 19:59:21,240,Connecting to 127.0.0.1:4001 with clientId 2...
2024-11-22 19:59:21,241,Connected
2024-11-22 19:59:21,244,Logged on to server version 176
2024-11-22 19:59:21,246,Warning 2104, reqId -1: Market data farm connection is OK:usfarm
2024-11-22 19:59:21,247,API connection ready
2024-11-22 19:59:21,247,Warning 2106, reqId -1: HMDS data farm connection is OK:ushmds
2024-11-22 19:59:21,247,Warning 2158, reqId -1: Sec-def data farm connection is OK:secdefnj
2024-11-22 19:59:21,650,Synchronization complete
2024-11-22 19:59:22,713,placeOrder: New order Trade(contract=Stock(conId=272093, symbol='MSFT', exchange='SMART', primaryExchange='NASDAQ', currency='USD', localSymbol='MSFT', tradingClass='NMS'), order=MarketOrder(orderId=76, clientId=2, action='SELL', totalQuantity=100), orderStatus=OrderStatus(orderId=76, status='PendingSubmit', filled=0.0, remaining=0.0, avgFillPrice=0.0, permId=0, parentId=0, lastFillPrice=0.0, clientId=0, whyHeld='', mktCapPrice=0.0), fills=[], log=[TradeLogEntry(time=datetime.datetime(2024, 11, 22, 14, 59, 22, 713051, tzinfo=datetime.timezone.utc), status='PendingSubmit', message='', errorCode=0)], advancedError='')
2024-11-22 19:59:23,739,orderStatus: Trade(contract=Stock(conId=272093, symbol='MSFT', exchange='SMART', primaryExchange='NASDAQ', currency='USD', localSymbol='MSFT', tradingClass='NMS'), order=MarketOrder(orderId=76, clientId=2, permId=2014274795, action='SELL', totalQuantity=100.0, lmtPrice=414.46, auxPrice=0.0), orderStatus=OrderStatus(orderId=76, status='Inactive', filled=0.0, remaining=100.0, avgFillPrice=0.0, permId=2014274795, parentId=0, lastFillPrice=0.0, clientId=2, whyHeld='', mktCapPrice=0.0), fills=[], log=[TradeLogEntry(time=datetime.datetime(2024, 11, 22, 14, 59, 22, 713051, tzinfo=datetime.timezone.utc), status='PendingSubmit', message='', errorCode=0), TradeLogEntry(time=datetime.datetime(2024, 11, 22, 14, 59, 23, 738939, tzinfo=datetime.timezone.utc), status='Inactive', message='', errorCode=0)], advancedError='')
2024-11-22 19:59:23,740,Error 201, reqId 76: Order rejected - reason:We are unable to accept your order. Your Available Funds are in sufficient to cover the change in the account's margin requirements if this order executes. In order to obtain the desired position your Equity with Loan Value [1179.10 USD] must exceed the new total Initial Margin of  [14745.86 USD].
2024-11-22 19:59:23,740,Canceled order: Trade(contract=Stock(conId=272093, symbol='MSFT', exchange='SMART', primaryExchange='NASDAQ', currency='USD', localSymbol='MSFT', tradingClass='NMS'), order=MarketOrder(orderId=76, clientId=2, permId=2014274795, action='SELL', totalQuantity=100.0, lmtPrice=414.46, auxPrice=0.0), orderStatus=OrderStatus(orderId=76, status='Cancelled', filled=0.0, remaining=100.0, avgFillPrice=0.0, permId=2014274795, parentId=0, lastFillPrice=0.0, clientId=2, whyHeld='', mktCapPrice=0.0), fills=[], log=[TradeLogEntry(time=datetime.datetime(2024, 11, 22, 14, 59, 22, 713051, tzinfo=datetime.timezone.utc), status='PendingSubmit', message='', errorCode=0), TradeLogEntry(time=datetime.datetime(2024, 11, 22, 14, 59, 23, 738939, tzinfo=datetime.timezone.utc), status='Inactive', message='', errorCode=0), TradeLogEntry(time=datetime.datetime(2024, 11, 22, 14, 59, 23, 740001, tzinfo=datetime.timezone.utc), status='Cancelled', message="Error 201, reqId 76: Order rejected - reason:We are unable to accept your order. Your Available Funds are in sufficient to cover the change in the account's margin requirements if this order executes. In order to obtain the desired position your Equity with Loan Value [1179.10 USD] must exceed the new total Initial Margin of  [14745.86 USD].", errorCode=201)], advancedError='')
2024-11-22 19:59:23,741,orderStatus: Trade(contract=Stock(conId=272093, symbol='MSFT', exchange='SMART', primaryExchange='NASDAQ', currency='USD', localSymbol='MSFT', tradingClass='NMS'), order=MarketOrder(orderId=76, clientId=2, permId=2014274795, action='SELL', totalQuantity=100.0, lmtPrice=414.46, auxPrice=0.0), orderStatus=OrderStatus(orderId=76, status='Inactive', filled=0.0, remaining=100.0, avgFillPrice=0.0, permId=2014274795, parentId=0, lastFillPrice=0.0, clientId=2, whyHeld='', mktCapPrice=0.0), fills=[], log=[TradeLogEntry(time=datetime.datetime(2024, 11, 22, 14, 59, 22, 713051, tzinfo=datetime.timezone.utc), status='PendingSubmit', message='', errorCode=0), TradeLogEntry(time=datetime.datetime(2024, 11, 22, 14, 59, 23, 738939, tzinfo=datetime.timezone.utc), status='Inactive', message='', errorCode=0), TradeLogEntry(time=datetime.datetime(2024, 11, 22, 14, 59, 23, 740001, tzinfo=datetime.timezone.utc), status='Cancelled', message="Error 201, reqId 76: Order rejected - reason:We are unable to accept your order. Your Available Funds are in sufficient to cover the change in the account's margin requirements if this order executes. In order to obtain the desired position your Equity with Loan Value [1179.10 USD] must exceed the new total Initial Margin of  [14745.86 USD].", errorCode=201), TradeLogEntry(time=datetime.datetime(2024, 11, 22, 14, 59, 23, 740335, tzinfo=datetime.timezone.utc), status='Inactive', message='', errorCode=0)], advancedError='')
2024-11-22 19:59:24,715,Disconnecting from 127.0.0.1:4001, 372 B sent in 10 messages, 21.9 kB received in 288 messages, session time 3.47 s.
2024-11-22 19:59:24,715,Disconnecting
